f:\secmngadmin\secmngadmin\debug\secmngadmin.pch
f:\secmngadmin\secmngadmin\debug\vc120.pdb
f:\secmngadmin\secmngadmin\debug\vc120.idb
f:\secmngadmin\secmngadmin\debug\stdafx.obj
f:\secmngadmin\secmngadmin\debug\dlgnetinfo.obj
f:\secmngadmin\secmngadmin\debug\dlgcreatenet.obj
f:\secmngadmin\secmngadmin\debug\formbackground.obj
f:\secmngadmin\secmngadmin\debug\gfxgroupedit.obj
f:\secmngadmin\secmngadmin\debug\gfxoutbarctrl.obj
f:\secmngadmin\secmngadmin\debug\gfxpopupmenu.obj
f:\secmngadmin\secmngadmin\debug\gfxsplitterwnd.obj
f:\secmngadmin\secmngadmin\debug\keymngclientop.obj
f:\secmngadmin\secmngadmin\debug\keymnglog.obj
f:\secmngadmin\secmngadmin\debug\keymng_shmop.obj
f:\secmngadmin\secmngadmin\debug\mainfrm.obj
f:\secmngadmin\secmngadmin\debug\myipc_shm.obj
f:\secmngadmin\secmngadmin\debug\secmngadmin.obj
f:\secmngadmin\secmngadmin\debug\secmngadmindoc.obj
f:\secmngadmin\secmngadmin\debug\secmngadminview.obj
f:\secmngadmin\secmngadmin\debug\secmngsecnode.obj
f:\secmngadmin\secmngadmin\debug\secmngsrvcfg.obj
f:\secmngadmin\secmngadmin\debug\socketlog.obj
f:\secmngadmin\secmngadmin\debug\socketutil.obj
f:\secmngadmin\secmngadmin\debug\sysall.obj
f:\secmngadmin\secmngadmin\debug\cfgview.obj
f:\secmngadmin\secmngadmin\debug\cfg_op.obj
f:\secmngadmin\secmngadmin\debug\dlgchangenet.obj
f:\secmngadmin\secmngadmin\debug\dlginitcfg.obj
f:\secmngadmin\secmngadmin\debug\dlgclient.obj
f:\secmngadmin\debug\secmngadmin.ilk
f:\secmngadmin\debug\secmngadmin.exe
f:\secmngadmin\debug\secmngadmin.pdb
f:\secmngadmin\secmngadmin\debug\secmngadmin.res
f:\secmngadmin\secmngadmin\debug\secmngadmin.tlog\cl.command.1.tlog
f:\secmngadmin\secmngadmin\debug\secmngadmin.tlog\cl.read.1.tlog
f:\secmngadmin\secmngadmin\debug\secmngadmin.tlog\cl.write.1.tlog
f:\secmngadmin\secmngadmin\debug\secmngadmin.tlog\link.command.1.tlog
f:\secmngadmin\secmngadmin\debug\secmngadmin.tlog\link.read.1.tlog
f:\secmngadmin\secmngadmin\debug\secmngadmin.tlog\link.write.1.tlog
f:\secmngadmin\secmngadmin\debug\secmngadmin.tlog\rc.command.1.tlog
f:\secmngadmin\secmngadmin\debug\secmngadmin.tlog\rc.read.1.tlog
f:\secmngadmin\secmngadmin\debug\secmngadmin.tlog\rc.write.1.tlog
